Started GET "/" for 127.0.0.1 at 2018-10-26 15:35:06 -0700
  
ActiveRecord::NoDatabaseError (FATAL:  database "finance-tracker_development" does not exist
):
  
activerecord (5.2.1) lib/active_record/connection_adapters/postgresql_adapter.rb:688:in `rescue in connect'
activerecord (5.2.1) lib/active_record/connection_adapters/postgresql_adapter.rb:683:in `connect'
activerecord (5.2.1) lib/active_record/connection_adapters/postgresql_adapter.rb:215:in `initialize'
activerecord (5.2.1) lib/active_record/connection_adapters/postgresql_adapter.rb:40:in `new'
activerecord (5.2.1) lib/active_record/connection_adapters/postgresql_adapter.rb:40:in `postgresql_connection'
activerecord (5.2.1) lib/active_record/connection_adapters/abstract/connection_pool.rb:809:in `new_connection'
activerecord (5.2.1) lib/active_record/connection_adapters/abstract/connection_pool.rb:853:in `checkout_new_connection'
activerecord (5.2.1) lib/active_record/connection_adapters/abstract/connection_pool.rb:832:in `try_to_checkout_new_connection'
activerecord (5.2.1) lib/active_record/connection_adapters/abstract/connection_pool.rb:793:in `acquire_connection'
activerecord (5.2.1) lib/active_record/connection_adapters/abstract/connection_pool.rb:521:in `checkout'
activerecord (5.2.1) lib/active_record/connection_adapters/abstract/connection_pool.rb:380:in `connection'
activerecord (5.2.1) lib/active_record/connection_adapters/abstract/connection_pool.rb:1008:in `retrieve_connection'
activerecord (5.2.1) lib/active_record/connection_handling.rb:118:in `retrieve_connection'
activerecord (5.2.1) lib/active_record/connection_handling.rb:90:in `connection'
activerecord (5.2.1) lib/active_record/migration.rb:554:in `call'
actionpack (5.2.1) lib/action_dispatch/middleware/callbacks.rb:28:in `block in call'
activesupport (5.2.1) lib/active_support/callbacks.rb:98:in `run_callbacks'
actionpack (5.2.1) lib/action_dispatch/middleware/callbacks.rb:26:in `call'
actionpack (5.2.1) lib/action_dispatch/middleware/executor.rb:14:in `call'
actionpack (5.2.1) lib/action_dispatch/middleware/debug_exceptions.rb:61:in `call'
web-console (3.7.0) lib/web_console/middleware.rb:135:in `call_app'
web-console (3.7.0) lib/web_console/middleware.rb:30:in `block in call'
web-console (3.7.0) lib/web_console/middleware.rb:20:in `catch'
web-console (3.7.0) lib/web_console/middleware.rb:20:in `call'
actionpack (5.2.1) lib/action_dispatch/middleware/show_exceptions.rb:33:in `call'
railties (5.2.1) lib/rails/rack/logger.rb:38:in `call_app'
railties (5.2.1) lib/rails/rack/logger.rb:26:in `block in call'
activesupport (5.2.1) lib/active_support/tagged_logging.rb:71:in `block in tagged'
activesupport (5.2.1) lib/active_support/tagged_logging.rb:28:in `tagged'
activesupport (5.2.1) lib/active_support/tagged_logging.rb:71:in `tagged'
railties (5.2.1) lib/rails/rack/logger.rb:26:in `call'
sprockets-rails (3.2.1) lib/sprockets/rails/quiet_assets.rb:13:in `call'
actionpack (5.2.1) lib/action_dispatch/middleware/remote_ip.rb:81:in `call'
actionpack (5.2.1) lib/action_dispatch/middleware/request_id.rb:27:in `call'
rack (2.0.5) lib/rack/method_override.rb:22:in `call'
rack (2.0.5) lib/rack/runtime.rb:22:in `call'
activesupport (5.2.1) lib/active_support/cache/strategy/local_cache_middleware.rb:29:in `call'
actionpack (5.2.1) lib/action_dispatch/middleware/executor.rb:14:in `call'
actionpack (5.2.1) lib/action_dispatch/middleware/static.rb:127:in `call'
rack (2.0.5) lib/rack/sendfile.rb:111:in `call'
railties (5.2.1) lib/rails/engine.rb:524:in `call'
puma (3.12.0) lib/puma/configuration.rb:225:in `call'
puma (3.12.0) lib/puma/server.rb:658:in `handle_request'
puma (3.12.0) lib/puma/server.rb:472:in `process_client'
puma (3.12.0) lib/puma/server.rb:332:in `block in run'
puma (3.12.0) lib/puma/thread_pool.rb:133:in `block in spawn_thread'
  [1m[35m (597.2ms)[0m  [1m[35mCREATE DATABASE "finance-tracker_development" ENCODING = 'unicode'[0m
  ↳ bin/rails:9
  [1m[35m (365.5ms)[0m  [1m[35mCREATE DATABASE "finance-tracker_test" ENCODING = 'unicode'[0m
  ↳ bin/rails:9
Started GET "/" for 127.0.0.1 at 2018-10-26 15:37:45 -0700
Processing by Rails::WelcomeController#index as HTML
  Rendering /Users/joungwoo/.rvm/gems/ruby-2.3.7/gems/railties-5.2.1/lib/rails/templates/rails/welcome/index.html.erb
  Rendered /Users/joungwoo/.rvm/gems/ruby-2.3.7/gems/railties-5.2.1/lib/rails/templates/rails/welcome/index.html.erb (7.7ms)
Completed 200 OK in 50ms (Views: 20.0ms | ActiveRecord: 0.0ms)


Started GET "/" for 127.0.0.1 at 2018-10-26 16:16:24 -0700
Processing by WelcomeController#index as HTML
  Rendering welcome/index.html.erb within layouts/application
  Rendered welcome/index.html.erb within layouts/application (1.2ms)
Completed 200 OK in 710ms (Views: 705.1ms | ActiveRecord: 0.0ms)


Started GET "/tasks/2/edit" for 127.0.0.1 at 2018-10-26 17:17:03 -0700
  
ActionController::RoutingError (No route matches [GET] "/tasks/2/edit"):
  
actionpack (5.2.1) lib/action_dispatch/middleware/debug_exceptions.rb:65:in `call'
web-console (3.7.0) lib/web_console/middleware.rb:135:in `call_app'
web-console (3.7.0) lib/web_console/middleware.rb:30:in `block in call'
web-console (3.7.0) lib/web_console/middleware.rb:20:in `catch'
web-console (3.7.0) lib/web_console/middleware.rb:20:in `call'
actionpack (5.2.1) lib/action_dispatch/middleware/show_exceptions.rb:33:in `call'
railties (5.2.1) lib/rails/rack/logger.rb:38:in `call_app'
railties (5.2.1) lib/rails/rack/logger.rb:26:in `block in call'
activesupport (5.2.1) lib/active_support/tagged_logging.rb:71:in `block in tagged'
activesupport (5.2.1) lib/active_support/tagged_logging.rb:28:in `tagged'
activesupport (5.2.1) lib/active_support/tagged_logging.rb:71:in `tagged'
railties (5.2.1) lib/rails/rack/logger.rb:26:in `call'
sprockets-rails (3.2.1) lib/sprockets/rails/quiet_assets.rb:13:in `call'
actionpack (5.2.1) lib/action_dispatch/middleware/remote_ip.rb:81:in `call'
actionpack (5.2.1) lib/action_dispatch/middleware/request_id.rb:27:in `call'
rack (2.0.5) lib/rack/method_override.rb:22:in `call'
rack (2.0.5) lib/rack/runtime.rb:22:in `call'
activesupport (5.2.1) lib/active_support/cache/strategy/local_cache_middleware.rb:29:in `call'
actionpack (5.2.1) lib/action_dispatch/middleware/executor.rb:14:in `call'
actionpack (5.2.1) lib/action_dispatch/middleware/static.rb:127:in `call'
rack (2.0.5) lib/rack/sendfile.rb:111:in `call'
railties (5.2.1) lib/rails/engine.rb:524:in `call'
puma (3.12.0) lib/puma/configuration.rb:225:in `call'
puma (3.12.0) lib/puma/server.rb:658:in `handle_request'
puma (3.12.0) lib/puma/server.rb:472:in `process_client'
puma (3.12.0) lib/puma/server.rb:332:in `block in run'
puma (3.12.0) lib/puma/thread_pool.rb:133:in `block in spawn_thread'
  [1m[35m (86.2ms)[0m  [1m[35mCREATE TABLE "schema_migrations" ("version" character varying NOT NULL PRIMARY KEY)[0m
  ↳ bin/rails:9
  [1m[35m (26.7ms)[0m  [1m[35mCREATE TABLE "ar_internal_metadata" ("key" character varying NOT NULL PRIMARY KEY, "value" character varying, "created_at" timestamp NOT NULL, "updated_at" timestamp NOT NULL)[0m
  ↳ bin/rails:9
  [1m[35m (7.5ms)[0m  [1m[34mSELECT pg_try_advisory_lock(5152373518701597510)[0m
  ↳ bin/rails:9
  [1m[35m (3.8ms)[0m  [1m[34mSELECT "schema_migrations"."version" FROM "schema_migrations" ORDER BY "schema_migrations"."version" ASC[0m
  ↳ bin/rails:9
Migrating to DeviseCreateUsers (20181027015739)
  [1m[35m (33.6ms)[0m  [1m[35mBEGIN[0m
  ↳ bin/rails:9
  [1m[35m (75.5ms)[0m  [1m[35mCREATE TABLE "users" ("id" bigserial primary key, "email" character varying DEFAULT '' NOT NULL, "encrypted_password" character varying DEFAULT '' NOT NULL, "reset_password_token" character varying, "reset_password_sent_at" timestamp, "remember_created_at" timestamp, "created_at" timestamp NOT NULL, "updated_at" timestamp NOT NULL)[0m
  ↳ db/migrate/20181027015739_devise_create_users.rb:5
  [1m[35m (6.6ms)[0m  [1m[35mCREATE UNIQUE INDEX  "index_users_on_email" ON "users"  ("email")[0m
  ↳ db/migrate/20181027015739_devise_create_users.rb:39
  [1m[35m (5.9ms)[0m  [1m[35mCREATE UNIQUE INDEX  "index_users_on_reset_password_token" ON "users"  ("reset_password_token")[0m
  ↳ db/migrate/20181027015739_devise_create_users.rb:40
  [1m[36mActiveRecord::SchemaMigration Create (4.6ms)[0m  [1m[32mINSERT INTO "schema_migrations" ("version") VALUES ($1) RETURNING "version"[0m  [["version", "20181027015739"]]
  ↳ bin/rails:9
  [1m[35m (1.7ms)[0m  [1m[35mCOMMIT[0m
  ↳ bin/rails:9
  [1m[36mActiveRecord::InternalMetadata Load (4.2ms)[0m  [1m[34mSELECT  "ar_internal_metadata".* FROM "ar_internal_metadata" WHERE "ar_internal_metadata"."key" = $1 LIMIT $2[0m  [["key", "environment"], ["LIMIT", 1]]
  ↳ bin/rails:9
  [1m[35m (0.4ms)[0m  [1m[35mBEGIN[0m
  ↳ bin/rails:9
  [1m[36mActiveRecord::InternalMetadata Create (2.0ms)[0m  [1m[32mINSERT INTO "ar_internal_metadata" ("key", "value", "created_at", "updated_at") VALUES ($1, $2, $3, $4) RETURNING "key"[0m  [["key", "environment"], ["value", "development"], ["created_at", "2018-10-27 01:58:59.255659"], ["updated_at", "2018-10-27 01:58:59.255659"]]
  ↳ bin/rails:9
  [1m[35m (0.7ms)[0m  [1m[35mCOMMIT[0m
  ↳ bin/rails:9
  [1m[35m (0.5ms)[0m  [1m[34mSELECT pg_advisory_unlock(5152373518701597510)[0m
  ↳ bin/rails:9
  [1m[35m (1.7ms)[0m  [1m[34mSELECT "schema_migrations"."version" FROM "schema_migrations" ORDER BY "schema_migrations"."version" ASC[0m
  ↳ bin/rails:9
Started GET "/" for 127.0.0.1 at 2018-10-26 19:02:12 -0700
  [1m[35m (4.0ms)[0m  [1m[34mSELECT "schema_migrations"."version" FROM "schema_migrations" ORDER BY "schema_migrations"."version" ASC[0m
  ↳ /usr/local/lib/ruby/gems/2.5.0/gems/activerecord-5.2.1/lib/active_record/log_subscriber.rb:98
Processing by WelcomeController#index as HTML
Completed 401 Unauthorized in 50ms (ActiveRecord: 0.0ms)


Started GET "/users/sign_in" for 127.0.0.1 at 2018-10-26 19:02:13 -0700
Processing by Devise::SessionsController#new as HTML
  Rendering /usr/local/lib/ruby/gems/2.5.0/gems/devise-4.5.0/app/views/devise/sessions/new.html.erb within layouts/application
  Rendered /usr/local/lib/ruby/gems/2.5.0/gems/devise-4.5.0/app/views/devise/shared/_links.html.erb (3.0ms)
  Rendered /usr/local/lib/ruby/gems/2.5.0/gems/devise-4.5.0/app/views/devise/sessions/new.html.erb within layouts/application (127.1ms)
Completed 200 OK in 1136ms (Views: 1046.6ms | ActiveRecord: 13.3ms)


Started GET "/users/sign_ip" for 127.0.0.1 at 2018-10-27 08:50:34 -0700
  
ActionController::RoutingError (No route matches [GET] "/users/sign_ip"):
  
actionpack (5.2.1) lib/action_dispatch/middleware/debug_exceptions.rb:65:in `call'
web-console (3.7.0) lib/web_console/middleware.rb:135:in `call_app'
web-console (3.7.0) lib/web_console/middleware.rb:30:in `block in call'
web-console (3.7.0) lib/web_console/middleware.rb:20:in `catch'
web-console (3.7.0) lib/web_console/middleware.rb:20:in `call'
actionpack (5.2.1) lib/action_dispatch/middleware/show_exceptions.rb:33:in `call'
railties (5.2.1) lib/rails/rack/logger.rb:38:in `call_app'
railties (5.2.1) lib/rails/rack/logger.rb:26:in `block in call'
activesupport (5.2.1) lib/active_support/tagged_logging.rb:71:in `block in tagged'
activesupport (5.2.1) lib/active_support/tagged_logging.rb:28:in `tagged'
activesupport (5.2.1) lib/active_support/tagged_logging.rb:71:in `tagged'
railties (5.2.1) lib/rails/rack/logger.rb:26:in `call'
sprockets-rails (3.2.1) lib/sprockets/rails/quiet_assets.rb:13:in `call'
actionpack (5.2.1) lib/action_dispatch/middleware/remote_ip.rb:81:in `call'
actionpack (5.2.1) lib/action_dispatch/middleware/request_id.rb:27:in `call'
rack (2.0.5) lib/rack/method_override.rb:22:in `call'
rack (2.0.5) lib/rack/runtime.rb:22:in `call'
activesupport (5.2.1) lib/active_support/cache/strategy/local_cache_middleware.rb:29:in `call'
actionpack (5.2.1) lib/action_dispatch/middleware/executor.rb:14:in `call'
actionpack (5.2.1) lib/action_dispatch/middleware/static.rb:127:in `call'
rack (2.0.5) lib/rack/sendfile.rb:111:in `call'
railties (5.2.1) lib/rails/engine.rb:524:in `call'
puma (3.12.0) lib/puma/configuration.rb:225:in `call'
puma (3.12.0) lib/puma/server.rb:658:in `handle_request'
puma (3.12.0) lib/puma/server.rb:472:in `process_client'
puma (3.12.0) lib/puma/server.rb:332:in `block in run'
puma (3.12.0) lib/puma/thread_pool.rb:133:in `block in spawn_thread'
Started GET "/users/sign_up" for 127.0.0.1 at 2018-10-27 08:50:37 -0700
Processing by Devise::RegistrationsController#new as HTML
  Rendering /usr/local/lib/ruby/gems/2.5.0/gems/devise-4.5.0/app/views/devise/registrations/new.html.erb within layouts/application
  Rendered /usr/local/lib/ruby/gems/2.5.0/gems/devise-4.5.0/app/views/devise/shared/_links.html.erb (3.2ms)
  Rendered /usr/local/lib/ruby/gems/2.5.0/gems/devise-4.5.0/app/views/devise/registrations/new.html.erb within layouts/application (34.3ms)
Completed 200 OK in 156ms (Views: 148.0ms | ActiveRecord: 0.0ms)


Started POST "/users" for 127.0.0.1 at 2018-10-27 08:50:47 -0700
Processing by Devise::RegistrationsController#create as HTML
  Parameters: {"utf8"=>"✓", "authenticity_token"=>"lu1M2BrCKYSaYEo97w7sqRh1NW59w/HZ0u/SGkFqkRDmdmoD6CXlmhiZ9D7LmMVsta+cD0TfhBCZ5iZ5xbgNng==", "user"=>{"email"=>"123123@gmail.com", "password"=>"[FILTERED]", "password_confirmation"=>"[FILTERED]"}, "commit"=>"Sign up"}
  [1m[35m (1.8ms)[0m  [1m[35mBEGIN[0m
  ↳ /usr/local/lib/ruby/gems/2.5.0/gems/activerecord-5.2.1/lib/active_record/log_subscriber.rb:98
  [1m[36mUser Exists (42.4ms)[0m  [1m[34mSELECT  1 AS one FROM "users" WHERE "users"."email" = $1 LIMIT $2[0m  [["email", "123123@gmail.com"], ["LIMIT", 1]]
  ↳ /usr/local/lib/ruby/gems/2.5.0/gems/activerecord-5.2.1/lib/active_record/log_subscriber.rb:98
  [1m[36mUser Create (25.9ms)[0m  [1m[32mINSERT INTO "users" ("email", "encrypted_password", "created_at", "updated_at") VALUES ($1, $2, $3, $4) RETURNING "id"[0m  [["email", "123123@gmail.com"], ["encrypted_password", "$2a$11$7v.kYxnuz8.BWXPUa/21wuchZZrZY525sdVVlNuYG9dFEjb86wG.u"], ["created_at", "2018-10-27 15:50:47.885762"], ["updated_at", "2018-10-27 15:50:47.885762"]]
  ↳ /usr/local/lib/ruby/gems/2.5.0/gems/activerecord-5.2.1/lib/active_record/log_subscriber.rb:98
  [1m[35m (2.6ms)[0m  [1m[35mCOMMIT[0m
  ↳ /usr/local/lib/ruby/gems/2.5.0/gems/activerecord-5.2.1/lib/active_record/log_subscriber.rb:98
Redirected to http://localhost:3000/
Completed 302 Found in 796ms (ActiveRecord: 72.7ms)


Started GET "/" for 127.0.0.1 at 2018-10-27 08:50:48 -0700
Processing by WelcomeController#index as HTML
  [1m[36mUser Load (5.0ms)[0m  [1m[34mSELECT  "users".* FROM "users" WHERE "users"."id" = $1 ORDER BY "users"."id" ASC LIMIT $2[0m  [["id", 1], ["LIMIT", 1]]
  ↳ /usr/local/lib/ruby/gems/2.5.0/gems/activerecord-5.2.1/lib/active_record/log_subscriber.rb:98
  Rendering welcome/index.html.erb within layouts/application
  Rendered welcome/index.html.erb within layouts/application (7.5ms)
Completed 200 OK in 276ms (Views: 243.4ms | ActiveRecord: 5.0ms)


Started DELETE "/users/sign_out" for 127.0.0.1 at 2018-10-27 08:50:51 -0700
Processing by Devise::SessionsController#destroy as HTML
  Parameters: {"authenticity_token"=>"x9Esekypts+LzmUxjExBod78KbGOTCD4Ni/6bnhGCDq3Sgqhvk560Qk32zKo2mhkcyaA0LdQVTF9Jg4N/JSUtA=="}
  [1m[36mUser Load (1.4ms)[0m  [1m[34mSELECT  "users".* FROM "users" WHERE "users"."id" = $1 ORDER BY "users"."id" ASC LIMIT $2[0m  [["id", 1], ["LIMIT", 1]]
  ↳ /usr/local/lib/ruby/gems/2.5.0/gems/activerecord-5.2.1/lib/active_record/log_subscriber.rb:98
  [1m[35m (0.9ms)[0m  [1m[35mBEGIN[0m
  ↳ /usr/local/lib/ruby/gems/2.5.0/gems/activerecord-5.2.1/lib/active_record/log_subscriber.rb:98
  [1m[35m (4.0ms)[0m  [1m[35mCOMMIT[0m
  ↳ /usr/local/lib/ruby/gems/2.5.0/gems/activerecord-5.2.1/lib/active_record/log_subscriber.rb:98
Redirected to http://localhost:3000/
Completed 302 Found in 56ms (ActiveRecord: 6.3ms)


Started GET "/" for 127.0.0.1 at 2018-10-27 08:50:52 -0700
Processing by WelcomeController#index as HTML
Completed 401 Unauthorized in 1ms (ActiveRecord: 0.0ms)


Started GET "/users/sign_in" for 127.0.0.1 at 2018-10-27 08:50:52 -0700
Processing by Devise::SessionsController#new as HTML
  Rendering /usr/local/lib/ruby/gems/2.5.0/gems/devise-4.5.0/app/views/devise/sessions/new.html.erb within layouts/application
  Rendered /usr/local/lib/ruby/gems/2.5.0/gems/devise-4.5.0/app/views/devise/shared/_links.html.erb (2.8ms)
  Rendered /usr/local/lib/ruby/gems/2.5.0/gems/devise-4.5.0/app/views/devise/sessions/new.html.erb within layouts/application (128.5ms)
Completed 200 OK in 815ms (Views: 729.6ms | ActiveRecord: 0.0ms)


Started POST "/users/sign_in" for 127.0.0.1 at 2018-10-27 08:50:58 -0700
Processing by Devise::SessionsController#create as HTML
  Parameters: {"utf8"=>"✓", "authenticity_token"=>"BAwrZmdbHPajlPRb1UQ8z9GoStoNhMzfMyTMfeLsvKMTuDcBGatVhLrYxdnixWGGQzkKsORda3dN6P4p6+H12g==", "user"=>{"email"=>"123123@gmail.com", "password"=>"[FILTERED]", "remember_me"=>"0"}, "commit"=>"Log in"}
  [1m[36mUser Load (11.9ms)[0m  [1m[34mSELECT  "users".* FROM "users" WHERE "users"."email" = $1 ORDER BY "users"."id" ASC LIMIT $2[0m  [["email", "123123@gmail.com"], ["LIMIT", 1]]
  ↳ /usr/local/lib/ruby/gems/2.5.0/gems/activerecord-5.2.1/lib/active_record/log_subscriber.rb:98
Redirected to http://localhost:3000/
Completed 302 Found in 425ms (ActiveRecord: 11.9ms)


Started GET "/" for 127.0.0.1 at 2018-10-27 08:50:58 -0700
Processing by WelcomeController#index as HTML
  [1m[36mUser Load (0.9ms)[0m  [1m[34mSELECT  "users".* FROM "users" WHERE "users"."id" = $1 ORDER BY "users"."id" ASC LIMIT $2[0m  [["id", 1], ["LIMIT", 1]]
  ↳ /usr/local/lib/ruby/gems/2.5.0/gems/activerecord-5.2.1/lib/active_record/log_subscriber.rb:98
  Rendering welcome/index.html.erb within layouts/application
  Rendered welcome/index.html.erb within layouts/application (2.5ms)
Completed 200 OK in 342ms (Views: 316.5ms | ActiveRecord: 0.9ms)


Started GET "/" for 127.0.0.1 at 2018-10-27 09:09:35 -0700
Processing by WelcomeController#index as HTML
  [1m[36mUser Load (8.7ms)[0m  [1m[34mSELECT  "users".* FROM "users" WHERE "users"."id" = $1 ORDER BY "users"."id" ASC LIMIT $2[0m  [["id", 1], ["LIMIT", 1]]
  ↳ /usr/local/lib/ruby/gems/2.5.0/gems/activerecord-5.2.1/lib/active_record/log_subscriber.rb:98
  Rendering welcome/index.html.erb within layouts/application
  Rendered welcome/index.html.erb within layouts/application (7.7ms)
Completed 500 Internal Server Error in 279ms (ActiveRecord: 8.7ms)


  
ActionView::Template::Error (couldn't find file 'jquery3' with type 'application/javascript'
Checked in these paths: 
  /Users/joungwoo/Desktop/project/finance-tracker/app/assets/config
  /Users/joungwoo/Desktop/project/finance-tracker/app/assets/images
  /Users/joungwoo/Desktop/project/finance-tracker/app/assets/javascripts
  /Users/joungwoo/Desktop/project/finance-tracker/app/assets/stylesheets
  /usr/local/lib/ruby/gems/2.5.0/gems/coffee-rails-4.2.2/lib/assets/javascripts
  /usr/local/lib/ruby/gems/2.5.0/gems/actioncable-5.2.1/lib/assets/compiled
  /usr/local/lib/ruby/gems/2.5.0/gems/activestorage-5.2.1/app/assets/javascripts
  /usr/local/lib/ruby/gems/2.5.0/gems/actionview-5.2.1/lib/assets/compiled
  /usr/local/lib/ruby/gems/2.5.0/gems/turbolinks-source-5.2.0/lib/assets/javascripts
  /Users/joungwoo/Desktop/project/finance-tracker/node_modules):
     6:     <%= csp_meta_tag %>
     7: 
     8:     <%= stylesheet_link_tag    'application', media: 'all', 'data-turbolinks-track': 'reload' %>
     9:     <%= javascript_include_tag 'application', 'data-turbolinks-track': 'reload' %>
    10:   </head>
    11: 
    12:   <body>
  
app/assets/javascripts/application.js:17
app/views/layouts/application.html.erb:9:in `_app_views_layouts_application_html_erb___1795992166238657060_70098619811920'
Started GET "/" for 127.0.0.1 at 2018-10-27 09:10:06 -0700
Processing by WelcomeController#index as HTML
  [1m[36mUser Load (2.5ms)[0m  [1m[34mSELECT  "users".* FROM "users" WHERE "users"."id" = $1 ORDER BY "users"."id" ASC LIMIT $2[0m  [["id", 1], ["LIMIT", 1]]
  ↳ /usr/local/lib/ruby/gems/2.5.0/gems/activerecord-5.2.1/lib/active_record/log_subscriber.rb:98
  Rendering welcome/index.html.erb within layouts/application
  Rendered welcome/index.html.erb within layouts/application (7.4ms)
Completed 500 Internal Server Error in 173ms (ActiveRecord: 2.5ms)


  
ActionView::Template::Error (couldn't find file 'jquery3' with type 'application/javascript'
Checked in these paths: 
  /Users/joungwoo/Desktop/project/finance-tracker/app/assets/config
  /Users/joungwoo/Desktop/project/finance-tracker/app/assets/images
  /Users/joungwoo/Desktop/project/finance-tracker/app/assets/javascripts
  /Users/joungwoo/Desktop/project/finance-tracker/app/assets/stylesheets
  /usr/local/lib/ruby/gems/2.5.0/gems/coffee-rails-4.2.2/lib/assets/javascripts
  /usr/local/lib/ruby/gems/2.5.0/gems/actioncable-5.2.1/lib/assets/compiled
  /usr/local/lib/ruby/gems/2.5.0/gems/activestorage-5.2.1/app/assets/javascripts
  /usr/local/lib/ruby/gems/2.5.0/gems/actionview-5.2.1/lib/assets/compiled
  /usr/local/lib/ruby/gems/2.5.0/gems/turbolinks-source-5.2.0/lib/assets/javascripts
  /Users/joungwoo/Desktop/project/finance-tracker/node_modules):
     6:     <%= csp_meta_tag %>
     7: 
     8:     <%= stylesheet_link_tag    'application', media: 'all', 'data-turbolinks-track': 'reload' %>
     9:     <%= javascript_include_tag 'application', 'data-turbolinks-track': 'reload' %>
    10:   </head>
    11: 
    12:   <body>
  
app/assets/javascripts/application.js:13
app/views/layouts/application.html.erb:9:in `_app_views_layouts_application_html_erb___1795992166238657060_70098619319940'
Started GET "/" for 127.0.0.1 at 2018-10-27 09:10:30 -0700
Processing by WelcomeController#index as HTML
  [1m[36mUser Load (1.0ms)[0m  [1m[34mSELECT  "users".* FROM "users" WHERE "users"."id" = $1 ORDER BY "users"."id" ASC LIMIT $2[0m  [["id", 1], ["LIMIT", 1]]
  ↳ /usr/local/lib/ruby/gems/2.5.0/gems/activerecord-5.2.1/lib/active_record/log_subscriber.rb:98
  Rendering welcome/index.html.erb within layouts/application
  Rendered welcome/index.html.erb within layouts/application (1.0ms)
Completed 500 Internal Server Error in 104ms (ActiveRecord: 1.0ms)


  
ActionView::Template::Error (couldn't find file 'jquery3' with type 'application/javascript'
Checked in these paths: 
  /Users/joungwoo/Desktop/project/finance-tracker/app/assets/config
  /Users/joungwoo/Desktop/project/finance-tracker/app/assets/images
  /Users/joungwoo/Desktop/project/finance-tracker/app/assets/javascripts
  /Users/joungwoo/Desktop/project/finance-tracker/app/assets/stylesheets
  /usr/local/lib/ruby/gems/2.5.0/gems/coffee-rails-4.2.2/lib/assets/javascripts
  /usr/local/lib/ruby/gems/2.5.0/gems/actioncable-5.2.1/lib/assets/compiled
  /usr/local/lib/ruby/gems/2.5.0/gems/activestorage-5.2.1/app/assets/javascripts
  /usr/local/lib/ruby/gems/2.5.0/gems/actionview-5.2.1/lib/assets/compiled
  /usr/local/lib/ruby/gems/2.5.0/gems/turbolinks-source-5.2.0/lib/assets/javascripts
  /Users/joungwoo/Desktop/project/finance-tracker/node_modules):
     6:     <%= csp_meta_tag %>
     7: 
     8:     <%= stylesheet_link_tag    'application', media: 'all', 'data-turbolinks-track': 'reload' %>
     9:     <%= javascript_include_tag 'application', 'data-turbolinks-track': 'reload' %>
    10:   </head>
    11: 
    12:   <body>
  
app/assets/javascripts/application.js:13
app/views/layouts/application.html.erb:9:in `_app_views_layouts_application_html_erb___1795992166238657060_70098618932240'
Started GET "/" for 127.0.0.1 at 2018-10-27 09:13:32 -0700
  [1m[35m (2.3ms)[0m  [1m[34mSELECT "schema_migrations"."version" FROM "schema_migrations" ORDER BY "schema_migrations"."version" ASC[0m
  ↳ /usr/local/lib/ruby/gems/2.5.0/gems/activerecord-5.2.1/lib/active_record/log_subscriber.rb:98
Processing by WelcomeController#index as HTML
  [1m[36mUser Load (2.3ms)[0m  [1m[34mSELECT  "users".* FROM "users" WHERE "users"."id" = $1 ORDER BY "users"."id" ASC LIMIT $2[0m  [["id", 1], ["LIMIT", 1]]
  ↳ /usr/local/lib/ruby/gems/2.5.0/gems/activerecord-5.2.1/lib/active_record/log_subscriber.rb:98
  Rendering welcome/index.html.erb within layouts/application
  Rendered welcome/index.html.erb within layouts/application (2.8ms)
Completed 200 OK in 4030ms (Views: 3943.7ms | ActiveRecord: 27.4ms)


Started GET "/" for 127.0.0.1 at 2018-10-27 09:25:12 -0700
Processing by WelcomeController#index as HTML
  [1m[36mUser Load (3.4ms)[0m  [1m[34mSELECT  "users".* FROM "users" WHERE "users"."id" = $1 ORDER BY "users"."id" ASC LIMIT $2[0m  [["id", 1], ["LIMIT", 1]]
  ↳ /usr/local/lib/ruby/gems/2.5.0/gems/activerecord-5.2.1/lib/active_record/log_subscriber.rb:98
  Rendering welcome/index.html.erb within layouts/application
  Rendered welcome/index.html.erb within layouts/application (3.7ms)
Completed 500 Internal Server Error in 233ms (ActiveRecord: 65.5ms)


  
ActionView::Template::Error (couldn't find file 'devise_bootstrap_views' with type 'text/css'
Checked in these paths: 
  /Users/joungwoo/Desktop/project/finance-tracker/app/assets/config
  /Users/joungwoo/Desktop/project/finance-tracker/app/assets/images
  /Users/joungwoo/Desktop/project/finance-tracker/app/assets/javascripts
  /Users/joungwoo/Desktop/project/finance-tracker/app/assets/stylesheets
  /usr/local/lib/ruby/gems/2.5.0/gems/coffee-rails-4.2.2/lib/assets/javascripts
  /usr/local/lib/ruby/gems/2.5.0/gems/jquery-rails-4.3.3/vendor/assets/javascripts
  /usr/local/lib/ruby/gems/2.5.0/gems/actioncable-5.2.1/lib/assets/compiled
  /usr/local/lib/ruby/gems/2.5.0/gems/activestorage-5.2.1/app/assets/javascripts
  /usr/local/lib/ruby/gems/2.5.0/gems/actionview-5.2.1/lib/assets/compiled
  /usr/local/lib/ruby/gems/2.5.0/gems/turbolinks-source-5.2.0/lib/assets/javascripts
  /Users/joungwoo/Desktop/project/finance-tracker/node_modules
  /usr/local/lib/ruby/gems/2.5.0/gems/popper_js-1.14.3/assets/javascripts
  /usr/local/lib/ruby/gems/2.5.0/gems/bootstrap-4.1.3/assets/stylesheets
  /usr/local/lib/ruby/gems/2.5.0/gems/bootstrap-4.1.3/assets/javascripts):
     7:     <title><%= content_for?(:title) ? yield(:title) : "FinanceTracker" %></title>
     8:     <%= csrf_meta_tags %>
     9: 
    10:     <%= stylesheet_link_tag "application", :media => "all" %>
    11: 
    12:     <!-- For third-generation iPad with high-resolution Retina display: -->
    13:     <!-- Size should be 144 x 144 pixels -->
  
app/assets/stylesheets/application.scss:13
app/views/layouts/application.html.erb:10:in `_app_views_layouts_application_html_erb___3757450394678578339_70263804674800'
Started GET "/" for 127.0.0.1 at 2018-10-27 09:26:08 -0700
  [1m[35m (2.3ms)[0m  [1m[34mSELECT "schema_migrations"."version" FROM "schema_migrations" ORDER BY "schema_migrations"."version" ASC[0m
  ↳ /usr/local/lib/ruby/gems/2.5.0/gems/activerecord-5.2.1/lib/active_record/log_subscriber.rb:98
Processing by WelcomeController#index as HTML
  [1m[36mUser Load (4.7ms)[0m  [1m[34mSELECT  "users".* FROM "users" WHERE "users"."id" = $1 ORDER BY "users"."id" ASC LIMIT $2[0m  [["id", 1], ["LIMIT", 1]]
  ↳ /usr/local/lib/ruby/gems/2.5.0/gems/activerecord-5.2.1/lib/active_record/log_subscriber.rb:98
  Rendering welcome/index.html.erb within layouts/application
  Rendered welcome/index.html.erb within layouts/application (2.0ms)
Completed 500 Internal Server Error in 713ms (ActiveRecord: 19.4ms)


  
ActionView::Template::Error (couldn't find file 'devise_bootstrap_views' with type 'text/css'
Checked in these paths: 
  /Users/joungwoo/Desktop/project/finance-tracker/app/assets/config
  /Users/joungwoo/Desktop/project/finance-tracker/app/assets/images
  /Users/joungwoo/Desktop/project/finance-tracker/app/assets/javascripts
  /Users/joungwoo/Desktop/project/finance-tracker/app/assets/stylesheets
  /usr/local/lib/ruby/gems/2.5.0/gems/coffee-rails-4.2.2/lib/assets/javascripts
  /usr/local/lib/ruby/gems/2.5.0/gems/jquery-rails-4.3.3/vendor/assets/javascripts
  /usr/local/lib/ruby/gems/2.5.0/gems/twitter-bootstrap-rails-4.0.0/app/assets/fonts
  /usr/local/lib/ruby/gems/2.5.0/gems/twitter-bootstrap-rails-4.0.0/app/assets/javascripts
  /usr/local/lib/ruby/gems/2.5.0/gems/twitter-bootstrap-rails-4.0.0/app/assets/stylesheets
  /usr/local/lib/ruby/gems/2.5.0/gems/twitter-bootstrap-rails-4.0.0/vendor/assets/stylesheets
  /usr/local/lib/ruby/gems/2.5.0/gems/actioncable-5.2.1/lib/assets/compiled
  /usr/local/lib/ruby/gems/2.5.0/gems/activestorage-5.2.1/app/assets/javascripts
  /usr/local/lib/ruby/gems/2.5.0/gems/actionview-5.2.1/lib/assets/compiled
  /usr/local/lib/ruby/gems/2.5.0/gems/turbolinks-source-5.2.0/lib/assets/javascripts
  /Users/joungwoo/Desktop/project/finance-tracker/node_modules):
     7:     <title><%= content_for?(:title) ? yield(:title) : "FinanceTracker" %></title>
     8:     <%= csrf_meta_tags %>
     9: 
    10:     <%= stylesheet_link_tag "application", :media => "all" %>
    11: 
    12:     <!-- For third-generation iPad with high-resolution Retina display: -->
    13:     <!-- Size should be 144 x 144 pixels -->
  
app/assets/stylesheets/application.scss:13
app/views/layouts/application.html.erb:10:in `_app_views_layouts_application_html_erb___2343597841034263453_70288424524400'
Started GET "/" for 127.0.0.1 at 2018-10-27 09:26:13 -0700
Processing by WelcomeController#index as HTML
  [1m[36mUser Load (5.9ms)[0m  [1m[34mSELECT  "users".* FROM "users" WHERE "users"."id" = $1 ORDER BY "users"."id" ASC LIMIT $2[0m  [["id", 1], ["LIMIT", 1]]
  ↳ /usr/local/lib/ruby/gems/2.5.0/gems/activerecord-5.2.1/lib/active_record/log_subscriber.rb:98
  Rendering welcome/index.html.erb within layouts/application
  Rendered welcome/index.html.erb within layouts/application (2.2ms)
Completed 500 Internal Server Error in 53ms (ActiveRecord: 5.9ms)


  
ActionView::Template::Error (couldn't find file 'devise_bootstrap_views' with type 'text/css'
Checked in these paths: 
  /Users/joungwoo/Desktop/project/finance-tracker/app/assets/config
  /Users/joungwoo/Desktop/project/finance-tracker/app/assets/images
  /Users/joungwoo/Desktop/project/finance-tracker/app/assets/javascripts
  /Users/joungwoo/Desktop/project/finance-tracker/app/assets/stylesheets
  /usr/local/lib/ruby/gems/2.5.0/gems/coffee-rails-4.2.2/lib/assets/javascripts
  /usr/local/lib/ruby/gems/2.5.0/gems/jquery-rails-4.3.3/vendor/assets/javascripts
  /usr/local/lib/ruby/gems/2.5.0/gems/twitter-bootstrap-rails-4.0.0/app/assets/fonts
  /usr/local/lib/ruby/gems/2.5.0/gems/twitter-bootstrap-rails-4.0.0/app/assets/javascripts
  /usr/local/lib/ruby/gems/2.5.0/gems/twitter-bootstrap-rails-4.0.0/app/assets/stylesheets
  /usr/local/lib/ruby/gems/2.5.0/gems/twitter-bootstrap-rails-4.0.0/vendor/assets/stylesheets
  /usr/local/lib/ruby/gems/2.5.0/gems/actioncable-5.2.1/lib/assets/compiled
  /usr/local/lib/ruby/gems/2.5.0/gems/activestorage-5.2.1/app/assets/javascripts
  /usr/local/lib/ruby/gems/2.5.0/gems/actionview-5.2.1/lib/assets/compiled
  /usr/local/lib/ruby/gems/2.5.0/gems/turbolinks-source-5.2.0/lib/assets/javascripts
  /Users/joungwoo/Desktop/project/finance-tracker/node_modules):
     7:     <title><%= content_for?(:title) ? yield(:title) : "FinanceTracker" %></title>
     8:     <%= csrf_meta_tags %>
     9: 
    10:     <%= stylesheet_link_tag "application", :media => "all" %>
    11: 
    12:     <!-- For third-generation iPad with high-resolution Retina display: -->
    13:     <!-- Size should be 144 x 144 pixels -->
  
app/assets/stylesheets/application.scss:13
app/views/layouts/application.html.erb:10:in `_app_views_layouts_application_html_erb___2343597841034263453_70288459399600'
Started GET "/" for 127.0.0.1 at 2018-10-27 09:28:24 -0700
  [1m[35m (2.9ms)[0m  [1m[34mSELECT "schema_migrations"."version" FROM "schema_migrations" ORDER BY "schema_migrations"."version" ASC[0m
  ↳ /usr/local/lib/ruby/gems/2.5.0/gems/activerecord-5.2.1/lib/active_record/log_subscriber.rb:98
Processing by WelcomeController#index as HTML
  [1m[36mUser Load (2.7ms)[0m  [1m[34mSELECT  "users".* FROM "users" WHERE "users"."id" = $1 ORDER BY "users"."id" ASC LIMIT $2[0m  [["id", 1], ["LIMIT", 1]]
  ↳ /usr/local/lib/ruby/gems/2.5.0/gems/activerecord-5.2.1/lib/active_record/log_subscriber.rb:98
  Rendering welcome/index.html.erb within layouts/application
  Rendered welcome/index.html.erb within layouts/application (2.5ms)
Completed 500 Internal Server Error in 472ms (ActiveRecord: 15.5ms)


  
ActionView::Template::Error (couldn't find file 'devise_bootstrap_views' with type 'text/css'
Checked in these paths: 
  /Users/joungwoo/Desktop/project/finance-tracker/app/assets/config
  /Users/joungwoo/Desktop/project/finance-tracker/app/assets/images
  /Users/joungwoo/Desktop/project/finance-tracker/app/assets/javascripts
  /Users/joungwoo/Desktop/project/finance-tracker/app/assets/stylesheets
  /usr/local/lib/ruby/gems/2.5.0/gems/coffee-rails-4.2.2/lib/assets/javascripts
  /usr/local/lib/ruby/gems/2.5.0/gems/jquery-rails-4.3.3/vendor/assets/javascripts
  /usr/local/lib/ruby/gems/2.5.0/gems/twitter-bootstrap-rails-4.0.0/app/assets/fonts
  /usr/local/lib/ruby/gems/2.5.0/gems/twitter-bootstrap-rails-4.0.0/app/assets/javascripts
  /usr/local/lib/ruby/gems/2.5.0/gems/twitter-bootstrap-rails-4.0.0/app/assets/stylesheets
  /usr/local/lib/ruby/gems/2.5.0/gems/twitter-bootstrap-rails-4.0.0/vendor/assets/stylesheets
  /usr/local/lib/ruby/gems/2.5.0/gems/actioncable-5.2.1/lib/assets/compiled
  /usr/local/lib/ruby/gems/2.5.0/gems/activestorage-5.2.1/app/assets/javascripts
  /usr/local/lib/ruby/gems/2.5.0/gems/actionview-5.2.1/lib/assets/compiled
  /usr/local/lib/ruby/gems/2.5.0/gems/turbolinks-source-5.2.0/lib/assets/javascripts
  /Users/joungwoo/Desktop/project/finance-tracker/node_modules):
     7:     <title><%= content_for?(:title) ? yield(:title) : "FinanceTracker" %></title>
     8:     <%= csrf_meta_tags %>
     9: 
    10:     <%= stylesheet_link_tag "application", :media => "all" %>
    11: 
    12:     <!-- For third-generation iPad with high-resolution Retina display: -->
    13:     <!-- Size should be 144 x 144 pixels -->
  
app/assets/stylesheets/application.css:13
app/views/layouts/application.html.erb:10:in `_app_views_layouts_application_html_erb__3930412370421621669_70211593417340'
Started GET "/" for 127.0.0.1 at 2018-10-27 09:29:16 -0700
  [1m[35m (2.9ms)[0m  [1m[34mSELECT "schema_migrations"."version" FROM "schema_migrations" ORDER BY "schema_migrations"."version" ASC[0m
  ↳ /usr/local/lib/ruby/gems/2.5.0/gems/activerecord-5.2.1/lib/active_record/log_subscriber.rb:98
Processing by WelcomeController#index as HTML
  [1m[36mUser Load (2.3ms)[0m  [1m[34mSELECT  "users".* FROM "users" WHERE "users"."id" = $1 ORDER BY "users"."id" ASC LIMIT $2[0m  [["id", 1], ["LIMIT", 1]]
  ↳ /usr/local/lib/ruby/gems/2.5.0/gems/activerecord-5.2.1/lib/active_record/log_subscriber.rb:98
  Rendering welcome/index.html.erb within layouts/application
  Rendered welcome/index.html.erb within layouts/application (2.8ms)
Completed 500 Internal Server Error in 735ms (ActiveRecord: 19.3ms)


  
ActionView::Template::Error (couldn't find file 'devise_bootstrap_views' with type 'text/css'
Checked in these paths: 
  /Users/joungwoo/Desktop/project/finance-tracker/app/assets/config
  /Users/joungwoo/Desktop/project/finance-tracker/app/assets/images
  /Users/joungwoo/Desktop/project/finance-tracker/app/assets/javascripts
  /Users/joungwoo/Desktop/project/finance-tracker/app/assets/stylesheets
  /usr/local/lib/ruby/gems/2.5.0/gems/coffee-rails-4.2.2/lib/assets/javascripts
  /usr/local/lib/ruby/gems/2.5.0/gems/jquery-rails-4.3.3/vendor/assets/javascripts
  /usr/local/lib/ruby/gems/2.5.0/gems/twitter-bootstrap-rails-4.0.0/app/assets/fonts
  /usr/local/lib/ruby/gems/2.5.0/gems/twitter-bootstrap-rails-4.0.0/app/assets/javascripts
  /usr/local/lib/ruby/gems/2.5.0/gems/twitter-bootstrap-rails-4.0.0/app/assets/stylesheets
  /usr/local/lib/ruby/gems/2.5.0/gems/twitter-bootstrap-rails-4.0.0/vendor/assets/stylesheets
  /usr/local/lib/ruby/gems/2.5.0/gems/actioncable-5.2.1/lib/assets/compiled
  /usr/local/lib/ruby/gems/2.5.0/gems/activestorage-5.2.1/app/assets/javascripts
  /usr/local/lib/ruby/gems/2.5.0/gems/actionview-5.2.1/lib/assets/compiled
  /usr/local/lib/ruby/gems/2.5.0/gems/turbolinks-source-5.2.0/lib/assets/javascripts
  /Users/joungwoo/Desktop/project/finance-tracker/node_modules):
     7:     <title><%= content_for?(:title) ? yield(:title) : "FinanceTracker" %></title>
     8:     <%= csrf_meta_tags %>
     9: 
    10:     <%= stylesheet_link_tag "application", :media => "all" %>
    11: 
    12:     <!-- For third-generation iPad with high-resolution Retina display: -->
    13:     <!-- Size should be 144 x 144 pixels -->
  
app/assets/stylesheets/application.css:13
app/views/layouts/application.html.erb:10:in `_app_views_layouts_application_html_erb__935966185243071819_70107856733600'
Started GET "/" for 127.0.0.1 at 2018-10-27 09:29:24 -0700
Processing by WelcomeController#index as HTML
  [1m[36mUser Load (2.8ms)[0m  [1m[34mSELECT  "users".* FROM "users" WHERE "users"."id" = $1 ORDER BY "users"."id" ASC LIMIT $2[0m  [["id", 1], ["LIMIT", 1]]
  ↳ /usr/local/lib/ruby/gems/2.5.0/gems/activerecord-5.2.1/lib/active_record/log_subscriber.rb:98
  Rendering welcome/index.html.erb within layouts/application
  Rendered welcome/index.html.erb within layouts/application (2.9ms)
Completed 500 Internal Server Error in 53ms (ActiveRecord: 2.8ms)


  
ActionView::Template::Error (couldn't find file 'devise_bootstrap_views' with type 'text/css'
Checked in these paths: 
  /Users/joungwoo/Desktop/project/finance-tracker/app/assets/config
  /Users/joungwoo/Desktop/project/finance-tracker/app/assets/images
  /Users/joungwoo/Desktop/project/finance-tracker/app/assets/javascripts
  /Users/joungwoo/Desktop/project/finance-tracker/app/assets/stylesheets
  /usr/local/lib/ruby/gems/2.5.0/gems/coffee-rails-4.2.2/lib/assets/javascripts
  /usr/local/lib/ruby/gems/2.5.0/gems/jquery-rails-4.3.3/vendor/assets/javascripts
  /usr/local/lib/ruby/gems/2.5.0/gems/twitter-bootstrap-rails-4.0.0/app/assets/fonts
  /usr/local/lib/ruby/gems/2.5.0/gems/twitter-bootstrap-rails-4.0.0/app/assets/javascripts
  /usr/local/lib/ruby/gems/2.5.0/gems/twitter-bootstrap-rails-4.0.0/app/assets/stylesheets
  /usr/local/lib/ruby/gems/2.5.0/gems/twitter-bootstrap-rails-4.0.0/vendor/assets/stylesheets
  /usr/local/lib/ruby/gems/2.5.0/gems/actioncable-5.2.1/lib/assets/compiled
  /usr/local/lib/ruby/gems/2.5.0/gems/activestorage-5.2.1/app/assets/javascripts
  /usr/local/lib/ruby/gems/2.5.0/gems/actionview-5.2.1/lib/assets/compiled
  /usr/local/lib/ruby/gems/2.5.0/gems/turbolinks-source-5.2.0/lib/assets/javascripts
  /Users/joungwoo/Desktop/project/finance-tracker/node_modules):
     7:     <title><%= content_for?(:title) ? yield(:title) : "FinanceTracker" %></title>
     8:     <%= csrf_meta_tags %>
     9: 
    10:     <%= stylesheet_link_tag "application", :media => "all" %>
    11: 
    12:     <!-- For third-generation iPad with high-resolution Retina display: -->
    13:     <!-- Size should be 144 x 144 pixels -->
  
app/assets/stylesheets/application.css:13
app/views/layouts/application.html.erb:10:in `_app_views_layouts_application_html_erb__935966185243071819_70107886186020'
Started GET "/session/new" for 127.0.0.1 at 2018-10-27 09:29:38 -0700
  
ActionController::RoutingError (No route matches [GET] "/session/new"):
  
actionpack (5.2.1) lib/action_dispatch/middleware/debug_exceptions.rb:65:in `call'
web-console (3.7.0) lib/web_console/middleware.rb:135:in `call_app'
web-console (3.7.0) lib/web_console/middleware.rb:30:in `block in call'
web-console (3.7.0) lib/web_console/middleware.rb:20:in `catch'
web-console (3.7.0) lib/web_console/middleware.rb:20:in `call'
actionpack (5.2.1) lib/action_dispatch/middleware/show_exceptions.rb:33:in `call'
railties (5.2.1) lib/rails/rack/logger.rb:38:in `call_app'
railties (5.2.1) lib/rails/rack/logger.rb:26:in `block in call'
activesupport (5.2.1) lib/active_support/tagged_logging.rb:71:in `block in tagged'
activesupport (5.2.1) lib/active_support/tagged_logging.rb:28:in `tagged'
activesupport (5.2.1) lib/active_support/tagged_logging.rb:71:in `tagged'
railties (5.2.1) lib/rails/rack/logger.rb:26:in `call'
sprockets-rails (3.2.1) lib/sprockets/rails/quiet_assets.rb:13:in `call'
actionpack (5.2.1) lib/action_dispatch/middleware/remote_ip.rb:81:in `call'
actionpack (5.2.1) lib/action_dispatch/middleware/request_id.rb:27:in `call'
rack (2.0.5) lib/rack/method_override.rb:22:in `call'
rack (2.0.5) lib/rack/runtime.rb:22:in `call'
activesupport (5.2.1) lib/active_support/cache/strategy/local_cache_middleware.rb:29:in `call'
actionpack (5.2.1) lib/action_dispatch/middleware/executor.rb:14:in `call'
actionpack (5.2.1) lib/action_dispatch/middleware/static.rb:127:in `call'
rack (2.0.5) lib/rack/sendfile.rb:111:in `call'
railties (5.2.1) lib/rails/engine.rb:524:in `call'
puma (3.12.0) lib/puma/configuration.rb:225:in `call'
puma (3.12.0) lib/puma/server.rb:658:in `handle_request'
puma (3.12.0) lib/puma/server.rb:472:in `process_client'
puma (3.12.0) lib/puma/server.rb:332:in `block in run'
puma (3.12.0) lib/puma/thread_pool.rb:133:in `block in spawn_thread'
Started GET "/user_session" for 127.0.0.1 at 2018-10-27 09:29:53 -0700
  
ActionController::RoutingError (No route matches [GET] "/user_session"):
  
actionpack (5.2.1) lib/action_dispatch/middleware/debug_exceptions.rb:65:in `call'
web-console (3.7.0) lib/web_console/middleware.rb:135:in `call_app'
web-console (3.7.0) lib/web_console/middleware.rb:30:in `block in call'
web-console (3.7.0) lib/web_console/middleware.rb:20:in `catch'
web-console (3.7.0) lib/web_console/middleware.rb:20:in `call'
actionpack (5.2.1) lib/action_dispatch/middleware/show_exceptions.rb:33:in `call'
railties (5.2.1) lib/rails/rack/logger.rb:38:in `call_app'
railties (5.2.1) lib/rails/rack/logger.rb:26:in `block in call'
activesupport (5.2.1) lib/active_support/tagged_logging.rb:71:in `block in tagged'
activesupport (5.2.1) lib/active_support/tagged_logging.rb:28:in `tagged'
activesupport (5.2.1) lib/active_support/tagged_logging.rb:71:in `tagged'
railties (5.2.1) lib/rails/rack/logger.rb:26:in `call'
sprockets-rails (3.2.1) lib/sprockets/rails/quiet_assets.rb:13:in `call'
actionpack (5.2.1) lib/action_dispatch/middleware/remote_ip.rb:81:in `call'
actionpack (5.2.1) lib/action_dispatch/middleware/request_id.rb:27:in `call'
rack (2.0.5) lib/rack/method_override.rb:22:in `call'
rack (2.0.5) lib/rack/runtime.rb:22:in `call'
activesupport (5.2.1) lib/active_support/cache/strategy/local_cache_middleware.rb:29:in `call'
actionpack (5.2.1) lib/action_dispatch/middleware/executor.rb:14:in `call'
actionpack (5.2.1) lib/action_dispatch/middleware/static.rb:127:in `call'
rack (2.0.5) lib/rack/sendfile.rb:111:in `call'
railties (5.2.1) lib/rails/engine.rb:524:in `call'
puma (3.12.0) lib/puma/configuration.rb:225:in `call'
puma (3.12.0) lib/puma/server.rb:658:in `handle_request'
puma (3.12.0) lib/puma/server.rb:472:in `process_client'
puma (3.12.0) lib/puma/server.rb:332:in `block in run'
puma (3.12.0) lib/puma/thread_pool.rb:133:in `block in spawn_thread'
Started GET "/users/sign_in" for 127.0.0.1 at 2018-10-27 09:30:04 -0700
Processing by Devise::SessionsController#new as HTML
  [1m[36mUser Load (0.9ms)[0m  [1m[34mSELECT  "users".* FROM "users" WHERE "users"."id" = $1 ORDER BY "users"."id" ASC LIMIT $2[0m  [["id", 1], ["LIMIT", 1]]
  ↳ /usr/local/lib/ruby/gems/2.5.0/gems/activerecord-5.2.1/lib/active_record/log_subscriber.rb:98
Redirected to http://localhost:3000/
Filter chain halted as :require_no_authentication rendered or redirected
Completed 302 Found in 33ms (ActiveRecord: 0.9ms)


Started GET "/" for 127.0.0.1 at 2018-10-27 09:30:04 -0700
Processing by WelcomeController#index as HTML
  [1m[36mUser Load (1.0ms)[0m  [1m[34mSELECT  "users".* FROM "users" WHERE "users"."id" = $1 ORDER BY "users"."id" ASC LIMIT $2[0m  [["id", 1], ["LIMIT", 1]]
  ↳ /usr/local/lib/ruby/gems/2.5.0/gems/activerecord-5.2.1/lib/active_record/log_subscriber.rb:98
  Rendering welcome/index.html.erb within layouts/application
  Rendered welcome/index.html.erb within layouts/application (1.0ms)
Completed 500 Internal Server Error in 108ms (ActiveRecord: 1.0ms)


  
ActionView::Template::Error (couldn't find file 'devise_bootstrap_views' with type 'text/css'
Checked in these paths: 
  /Users/joungwoo/Desktop/project/finance-tracker/app/assets/config
  /Users/joungwoo/Desktop/project/finance-tracker/app/assets/images
  /Users/joungwoo/Desktop/project/finance-tracker/app/assets/javascripts
  /Users/joungwoo/Desktop/project/finance-tracker/app/assets/stylesheets
  /usr/local/lib/ruby/gems/2.5.0/gems/coffee-rails-4.2.2/lib/assets/javascripts
  /usr/local/lib/ruby/gems/2.5.0/gems/jquery-rails-4.3.3/vendor/assets/javascripts
  /usr/local/lib/ruby/gems/2.5.0/gems/twitter-bootstrap-rails-4.0.0/app/assets/fonts
  /usr/local/lib/ruby/gems/2.5.0/gems/twitter-bootstrap-rails-4.0.0/app/assets/javascripts
  /usr/local/lib/ruby/gems/2.5.0/gems/twitter-bootstrap-rails-4.0.0/app/assets/stylesheets
  /usr/local/lib/ruby/gems/2.5.0/gems/twitter-bootstrap-rails-4.0.0/vendor/assets/stylesheets
  /usr/local/lib/ruby/gems/2.5.0/gems/actioncable-5.2.1/lib/assets/compiled
  /usr/local/lib/ruby/gems/2.5.0/gems/activestorage-5.2.1/app/assets/javascripts
  /usr/local/lib/ruby/gems/2.5.0/gems/actionview-5.2.1/lib/assets/compiled
  /usr/local/lib/ruby/gems/2.5.0/gems/turbolinks-source-5.2.0/lib/assets/javascripts
  /Users/joungwoo/Desktop/project/finance-tracker/node_modules):
     7:     <title><%= content_for?(:title) ? yield(:title) : "FinanceTracker" %></title>
     8:     <%= csrf_meta_tags %>
     9: 
    10:     <%= stylesheet_link_tag "application", :media => "all" %>
    11: 
    12:     <!-- For third-generation iPad with high-resolution Retina display: -->
    13:     <!-- Size should be 144 x 144 pixels -->
  
app/assets/stylesheets/application.css:13
app/views/layouts/application.html.erb:10:in `_app_views_layouts_application_html_erb__935966185243071819_70107898616000'
Started GET "/" for 127.0.0.1 at 2018-10-27 09:33:42 -0700
Processing by WelcomeController#index as HTML
  [1m[36mUser Load (14.9ms)[0m  [1m[34mSELECT  "users".* FROM "users" WHERE "users"."id" = $1 ORDER BY "users"."id" ASC LIMIT $2[0m  [["id", 1], ["LIMIT", 1]]
  ↳ /usr/local/lib/ruby/gems/2.5.0/gems/activerecord-5.2.1/lib/active_record/log_subscriber.rb:98
  Rendering welcome/index.html.erb within layouts/application
  Rendered welcome/index.html.erb within layouts/application (16.4ms)
Completed 500 Internal Server Error in 3330ms (ActiveRecord: 14.9ms)


  
ActionView::Template::Error (The asset "apple-touch-icon-144x144-precomposed.png" is not present in the asset pipeline.):
    11: 
    12:     <!-- For third-generation iPad with high-resolution Retina display: -->
    13:     <!-- Size should be 144 x 144 pixels -->
    14:     <%= favicon_link_tag 'apple-touch-icon-144x144-precomposed.png', :rel => 'apple-touch-icon-precomposed', :type => 'image/png', :sizes => '144x144' %>
    15: 
    16:     <!-- For iPhone with high-resolution Retina display: -->
    17:     <!-- Size should be 114 x 114 pixels -->
  
app/views/layouts/application.html.erb:14:in `_app_views_layouts_application_html_erb__935966185243071819_70107884126260'
Started GET "/" for 127.0.0.1 at 2018-10-27 09:35:48 -0700
Processing by WelcomeController#index as HTML
  [1m[36mUser Load (2.1ms)[0m  [1m[34mSELECT  "users".* FROM "users" WHERE "users"."id" = $1 ORDER BY "users"."id" ASC LIMIT $2[0m  [["id", 1], ["LIMIT", 1]]
  ↳ /usr/local/lib/ruby/gems/2.5.0/gems/activerecord-5.2.1/lib/active_record/log_subscriber.rb:98
  Rendering welcome/index.html.erb within layouts/application
  Rendered welcome/index.html.erb within layouts/application (6.4ms)
Completed 200 OK in 236ms (Views: 203.7ms | ActiveRecord: 2.1ms)


Started GET "/" for 127.0.0.1 at 2018-10-27 09:37:57 -0700
Processing by WelcomeController#index as HTML
  [1m[36mUser Load (7.8ms)[0m  [1m[34mSELECT  "users".* FROM "users" WHERE "users"."id" = $1 ORDER BY "users"."id" ASC LIMIT $2[0m  [["id", 1], ["LIMIT", 1]]
  ↳ /usr/local/lib/ruby/gems/2.5.0/gems/activerecord-5.2.1/lib/active_record/log_subscriber.rb:98
  Rendering welcome/index.html.erb within layouts/application
  Rendered welcome/index.html.erb within layouts/application (7.3ms)
Completed 200 OK in 1409ms (Views: 1355.8ms | ActiveRecord: 7.8ms)


Started GET "/" for 127.0.0.1 at 2018-10-27 09:38:02 -0700
Processing by WelcomeController#index as HTML
  [1m[36mUser Load (7.9ms)[0m  [1m[34mSELECT  "users".* FROM "users" WHERE "users"."id" = $1 ORDER BY "users"."id" ASC LIMIT $2[0m  [["id", 1], ["LIMIT", 1]]
  ↳ /usr/local/lib/ruby/gems/2.5.0/gems/activerecord-5.2.1/lib/active_record/log_subscriber.rb:98
  Rendering welcome/index.html.erb within layouts/application
  Rendered welcome/index.html.erb within layouts/application (1.9ms)
Completed 200 OK in 258ms (Views: 235.7ms | ActiveRecord: 7.9ms)


Started GET "/path1" for 127.0.0.1 at 2018-10-27 09:38:03 -0700
  
ActionController::RoutingError (No route matches [GET] "/path1"):
  
actionpack (5.2.1) lib/action_dispatch/middleware/debug_exceptions.rb:65:in `call'
web-console (3.7.0) lib/web_console/middleware.rb:135:in `call_app'
web-console (3.7.0) lib/web_console/middleware.rb:30:in `block in call'
web-console (3.7.0) lib/web_console/middleware.rb:20:in `catch'
web-console (3.7.0) lib/web_console/middleware.rb:20:in `call'
actionpack (5.2.1) lib/action_dispatch/middleware/show_exceptions.rb:33:in `call'
railties (5.2.1) lib/rails/rack/logger.rb:38:in `call_app'
railties (5.2.1) lib/rails/rack/logger.rb:26:in `block in call'
activesupport (5.2.1) lib/active_support/tagged_logging.rb:71:in `block in tagged'
activesupport (5.2.1) lib/active_support/tagged_logging.rb:28:in `tagged'
activesupport (5.2.1) lib/active_support/tagged_logging.rb:71:in `tagged'
railties (5.2.1) lib/rails/rack/logger.rb:26:in `call'
sprockets-rails (3.2.1) lib/sprockets/rails/quiet_assets.rb:13:in `call'
actionpack (5.2.1) lib/action_dispatch/middleware/remote_ip.rb:81:in `call'
actionpack (5.2.1) lib/action_dispatch/middleware/request_id.rb:27:in `call'
rack (2.0.5) lib/rack/method_override.rb:22:in `call'
rack (2.0.5) lib/rack/runtime.rb:22:in `call'
activesupport (5.2.1) lib/active_support/cache/strategy/local_cache_middleware.rb:29:in `call'
actionpack (5.2.1) lib/action_dispatch/middleware/executor.rb:14:in `call'
actionpack (5.2.1) lib/action_dispatch/middleware/static.rb:127:in `call'
rack (2.0.5) lib/rack/sendfile.rb:111:in `call'
railties (5.2.1) lib/rails/engine.rb:524:in `call'
puma (3.12.0) lib/puma/configuration.rb:225:in `call'
puma (3.12.0) lib/puma/server.rb:658:in `handle_request'
puma (3.12.0) lib/puma/server.rb:472:in `process_client'
puma (3.12.0) lib/puma/server.rb:332:in `block in run'
puma (3.12.0) lib/puma/thread_pool.rb:133:in `block in spawn_thread'
Started GET "/path2" for 127.0.0.1 at 2018-10-27 09:38:04 -0700
  
ActionController::RoutingError (No route matches [GET] "/path2"):
  
actionpack (5.2.1) lib/action_dispatch/middleware/debug_exceptions.rb:65:in `call'
web-console (3.7.0) lib/web_console/middleware.rb:135:in `call_app'
web-console (3.7.0) lib/web_console/middleware.rb:30:in `block in call'
web-console (3.7.0) lib/web_console/middleware.rb:20:in `catch'
web-console (3.7.0) lib/web_console/middleware.rb:20:in `call'
actionpack (5.2.1) lib/action_dispatch/middleware/show_exceptions.rb:33:in `call'
railties (5.2.1) lib/rails/rack/logger.rb:38:in `call_app'
railties (5.2.1) lib/rails/rack/logger.rb:26:in `block in call'
activesupport (5.2.1) lib/active_support/tagged_logging.rb:71:in `block in tagged'
activesupport (5.2.1) lib/active_support/tagged_logging.rb:28:in `tagged'
activesupport (5.2.1) lib/active_support/tagged_logging.rb:71:in `tagged'
railties (5.2.1) lib/rails/rack/logger.rb:26:in `call'
sprockets-rails (3.2.1) lib/sprockets/rails/quiet_assets.rb:13:in `call'
actionpack (5.2.1) lib/action_dispatch/middleware/remote_ip.rb:81:in `call'
actionpack (5.2.1) lib/action_dispatch/middleware/request_id.rb:27:in `call'
rack (2.0.5) lib/rack/method_override.rb:22:in `call'
rack (2.0.5) lib/rack/runtime.rb:22:in `call'
activesupport (5.2.1) lib/active_support/cache/strategy/local_cache_middleware.rb:29:in `call'
actionpack (5.2.1) lib/action_dispatch/middleware/executor.rb:14:in `call'
actionpack (5.2.1) lib/action_dispatch/middleware/static.rb:127:in `call'
rack (2.0.5) lib/rack/sendfile.rb:111:in `call'
railties (5.2.1) lib/rails/engine.rb:524:in `call'
puma (3.12.0) lib/puma/configuration.rb:225:in `call'
puma (3.12.0) lib/puma/server.rb:658:in `handle_request'
puma (3.12.0) lib/puma/server.rb:472:in `process_client'
puma (3.12.0) lib/puma/server.rb:332:in `block in run'
puma (3.12.0) lib/puma/thread_pool.rb:133:in `block in spawn_thread'
Started GET "/path2" for 127.0.0.1 at 2018-10-27 09:38:05 -0700
  
ActionController::RoutingError (No route matches [GET] "/path2"):
  
actionpack (5.2.1) lib/action_dispatch/middleware/debug_exceptions.rb:65:in `call'
web-console (3.7.0) lib/web_console/middleware.rb:135:in `call_app'
web-console (3.7.0) lib/web_console/middleware.rb:30:in `block in call'
web-console (3.7.0) lib/web_console/middleware.rb:20:in `catch'
web-console (3.7.0) lib/web_console/middleware.rb:20:in `call'
actionpack (5.2.1) lib/action_dispatch/middleware/show_exceptions.rb:33:in `call'
railties (5.2.1) lib/rails/rack/logger.rb:38:in `call_app'
railties (5.2.1) lib/rails/rack/logger.rb:26:in `block in call'
activesupport (5.2.1) lib/active_support/tagged_logging.rb:71:in `block in tagged'
activesupport (5.2.1) lib/active_support/tagged_logging.rb:28:in `tagged'
activesupport (5.2.1) lib/active_support/tagged_logging.rb:71:in `tagged'
railties (5.2.1) lib/rails/rack/logger.rb:26:in `call'
sprockets-rails (3.2.1) lib/sprockets/rails/quiet_assets.rb:13:in `call'
actionpack (5.2.1) lib/action_dispatch/middleware/remote_ip.rb:81:in `call'
actionpack (5.2.1) lib/action_dispatch/middleware/request_id.rb:27:in `call'
rack (2.0.5) lib/rack/method_override.rb:22:in `call'
rack (2.0.5) lib/rack/runtime.rb:22:in `call'
activesupport (5.2.1) lib/active_support/cache/strategy/local_cache_middleware.rb:29:in `call'
actionpack (5.2.1) lib/action_dispatch/middleware/executor.rb:14:in `call'
actionpack (5.2.1) lib/action_dispatch/middleware/static.rb:127:in `call'
rack (2.0.5) lib/rack/sendfile.rb:111:in `call'
railties (5.2.1) lib/rails/engine.rb:524:in `call'
puma (3.12.0) lib/puma/configuration.rb:225:in `call'
puma (3.12.0) lib/puma/server.rb:658:in `handle_request'
puma (3.12.0) lib/puma/server.rb:472:in `process_client'
puma (3.12.0) lib/puma/server.rb:332:in `block in run'
puma (3.12.0) lib/puma/thread_pool.rb:133:in `block in spawn_thread'
Started GET "/path2" for 127.0.0.1 at 2018-10-27 09:38:08 -0700
  
ActionController::RoutingError (No route matches [GET] "/path2"):
  
actionpack (5.2.1) lib/action_dispatch/middleware/debug_exceptions.rb:65:in `call'
web-console (3.7.0) lib/web_console/middleware.rb:135:in `call_app'
web-console (3.7.0) lib/web_console/middleware.rb:30:in `block in call'
web-console (3.7.0) lib/web_console/middleware.rb:20:in `catch'
web-console (3.7.0) lib/web_console/middleware.rb:20:in `call'
actionpack (5.2.1) lib/action_dispatch/middleware/show_exceptions.rb:33:in `call'
railties (5.2.1) lib/rails/rack/logger.rb:38:in `call_app'
railties (5.2.1) lib/rails/rack/logger.rb:26:in `block in call'
activesupport (5.2.1) lib/active_support/tagged_logging.rb:71:in `block in tagged'
activesupport (5.2.1) lib/active_support/tagged_logging.rb:28:in `tagged'
activesupport (5.2.1) lib/active_support/tagged_logging.rb:71:in `tagged'
railties (5.2.1) lib/rails/rack/logger.rb:26:in `call'
sprockets-rails (3.2.1) lib/sprockets/rails/quiet_assets.rb:13:in `call'
actionpack (5.2.1) lib/action_dispatch/middleware/remote_ip.rb:81:in `call'
actionpack (5.2.1) lib/action_dispatch/middleware/request_id.rb:27:in `call'
rack (2.0.5) lib/rack/method_override.rb:22:in `call'
rack (2.0.5) lib/rack/runtime.rb:22:in `call'
activesupport (5.2.1) lib/active_support/cache/strategy/local_cache_middleware.rb:29:in `call'
actionpack (5.2.1) lib/action_dispatch/middleware/executor.rb:14:in `call'
actionpack (5.2.1) lib/action_dispatch/middleware/static.rb:127:in `call'
rack (2.0.5) lib/rack/sendfile.rb:111:in `call'
railties (5.2.1) lib/rails/engine.rb:524:in `call'
puma (3.12.0) lib/puma/configuration.rb:225:in `call'
puma (3.12.0) lib/puma/server.rb:658:in `handle_request'
puma (3.12.0) lib/puma/server.rb:472:in `process_client'
puma (3.12.0) lib/puma/server.rb:332:in `block in run'
puma (3.12.0) lib/puma/thread_pool.rb:133:in `block in spawn_thread'
Started GET "/path1" for 127.0.0.1 at 2018-10-27 09:38:26 -0700
  
ActionController::RoutingError (No route matches [GET] "/path1"):
  
actionpack (5.2.1) lib/action_dispatch/middleware/debug_exceptions.rb:65:in `call'
web-console (3.7.0) lib/web_console/middleware.rb:135:in `call_app'
web-console (3.7.0) lib/web_console/middleware.rb:30:in `block in call'
web-console (3.7.0) lib/web_console/middleware.rb:20:in `catch'
web-console (3.7.0) lib/web_console/middleware.rb:20:in `call'
actionpack (5.2.1) lib/action_dispatch/middleware/show_exceptions.rb:33:in `call'
railties (5.2.1) lib/rails/rack/logger.rb:38:in `call_app'
railties (5.2.1) lib/rails/rack/logger.rb:26:in `block in call'
activesupport (5.2.1) lib/active_support/tagged_logging.rb:71:in `block in tagged'
activesupport (5.2.1) lib/active_support/tagged_logging.rb:28:in `tagged'
activesupport (5.2.1) lib/active_support/tagged_logging.rb:71:in `tagged'
railties (5.2.1) lib/rails/rack/logger.rb:26:in `call'
sprockets-rails (3.2.1) lib/sprockets/rails/quiet_assets.rb:13:in `call'
actionpack (5.2.1) lib/action_dispatch/middleware/remote_ip.rb:81:in `call'
actionpack (5.2.1) lib/action_dispatch/middleware/request_id.rb:27:in `call'
rack (2.0.5) lib/rack/method_override.rb:22:in `call'
rack (2.0.5) lib/rack/runtime.rb:22:in `call'
activesupport (5.2.1) lib/active_support/cache/strategy/local_cache_middleware.rb:29:in `call'
actionpack (5.2.1) lib/action_dispatch/middleware/executor.rb:14:in `call'
actionpack (5.2.1) lib/action_dispatch/middleware/static.rb:127:in `call'
rack (2.0.5) lib/rack/sendfile.rb:111:in `call'
railties (5.2.1) lib/rails/engine.rb:524:in `call'
puma (3.12.0) lib/puma/configuration.rb:225:in `call'
puma (3.12.0) lib/puma/server.rb:658:in `handle_request'
puma (3.12.0) lib/puma/server.rb:472:in `process_client'
puma (3.12.0) lib/puma/server.rb:332:in `block in run'
puma (3.12.0) lib/puma/thread_pool.rb:133:in `block in spawn_thread'
Started GET "/sign-up" for 127.0.0.1 at 2018-10-27 09:38:40 -0700
  
ActionController::RoutingError (No route matches [GET] "/sign-up"):
  
actionpack (5.2.1) lib/action_dispatch/middleware/debug_exceptions.rb:65:in `call'
web-console (3.7.0) lib/web_console/middleware.rb:135:in `call_app'
web-console (3.7.0) lib/web_console/middleware.rb:30:in `block in call'
web-console (3.7.0) lib/web_console/middleware.rb:20:in `catch'
web-console (3.7.0) lib/web_console/middleware.rb:20:in `call'
actionpack (5.2.1) lib/action_dispatch/middleware/show_exceptions.rb:33:in `call'
railties (5.2.1) lib/rails/rack/logger.rb:38:in `call_app'
railties (5.2.1) lib/rails/rack/logger.rb:26:in `block in call'
activesupport (5.2.1) lib/active_support/tagged_logging.rb:71:in `block in tagged'
activesupport (5.2.1) lib/active_support/tagged_logging.rb:28:in `tagged'
activesupport (5.2.1) lib/active_support/tagged_logging.rb:71:in `tagged'
railties (5.2.1) lib/rails/rack/logger.rb:26:in `call'
sprockets-rails (3.2.1) lib/sprockets/rails/quiet_assets.rb:13:in `call'
actionpack (5.2.1) lib/action_dispatch/middleware/remote_ip.rb:81:in `call'
actionpack (5.2.1) lib/action_dispatch/middleware/request_id.rb:27:in `call'
rack (2.0.5) lib/rack/method_override.rb:22:in `call'
rack (2.0.5) lib/rack/runtime.rb:22:in `call'
activesupport (5.2.1) lib/active_support/cache/strategy/local_cache_middleware.rb:29:in `call'
actionpack (5.2.1) lib/action_dispatch/middleware/executor.rb:14:in `call'
actionpack (5.2.1) lib/action_dispatch/middleware/static.rb:127:in `call'
rack (2.0.5) lib/rack/sendfile.rb:111:in `call'
railties (5.2.1) lib/rails/engine.rb:524:in `call'
puma (3.12.0) lib/puma/configuration.rb:225:in `call'
puma (3.12.0) lib/puma/server.rb:658:in `handle_request'
puma (3.12.0) lib/puma/server.rb:472:in `process_client'
puma (3.12.0) lib/puma/server.rb:332:in `block in run'
puma (3.12.0) lib/puma/thread_pool.rb:133:in `block in spawn_thread'
Started GET "/sign_up" for 127.0.0.1 at 2018-10-27 09:38:45 -0700
  
ActionController::RoutingError (No route matches [GET] "/sign_up"):
  
actionpack (5.2.1) lib/action_dispatch/middleware/debug_exceptions.rb:65:in `call'
web-console (3.7.0) lib/web_console/middleware.rb:135:in `call_app'
web-console (3.7.0) lib/web_console/middleware.rb:30:in `block in call'
web-console (3.7.0) lib/web_console/middleware.rb:20:in `catch'
web-console (3.7.0) lib/web_console/middleware.rb:20:in `call'
actionpack (5.2.1) lib/action_dispatch/middleware/show_exceptions.rb:33:in `call'
railties (5.2.1) lib/rails/rack/logger.rb:38:in `call_app'
railties (5.2.1) lib/rails/rack/logger.rb:26:in `block in call'
activesupport (5.2.1) lib/active_support/tagged_logging.rb:71:in `block in tagged'
activesupport (5.2.1) lib/active_support/tagged_logging.rb:28:in `tagged'
activesupport (5.2.1) lib/active_support/tagged_logging.rb:71:in `tagged'
railties (5.2.1) lib/rails/rack/logger.rb:26:in `call'
sprockets-rails (3.2.1) lib/sprockets/rails/quiet_assets.rb:13:in `call'
actionpack (5.2.1) lib/action_dispatch/middleware/remote_ip.rb:81:in `call'
actionpack (5.2.1) lib/action_dispatch/middleware/request_id.rb:27:in `call'
rack (2.0.5) lib/rack/method_override.rb:22:in `call'
rack (2.0.5) lib/rack/runtime.rb:22:in `call'
activesupport (5.2.1) lib/active_support/cache/strategy/local_cache_middleware.rb:29:in `call'
actionpack (5.2.1) lib/action_dispatch/middleware/executor.rb:14:in `call'
actionpack (5.2.1) lib/action_dispatch/middleware/static.rb:127:in `call'
rack (2.0.5) lib/rack/sendfile.rb:111:in `call'
railties (5.2.1) lib/rails/engine.rb:524:in `call'
puma (3.12.0) lib/puma/configuration.rb:225:in `call'
puma (3.12.0) lib/puma/server.rb:658:in `handle_request'
puma (3.12.0) lib/puma/server.rb:472:in `process_client'
puma (3.12.0) lib/puma/server.rb:332:in `block in run'
puma (3.12.0) lib/puma/thread_pool.rb:133:in `block in spawn_thread'
Started GET "/users" for 127.0.0.1 at 2018-10-27 09:39:09 -0700
  
ActionController::RoutingError (No route matches [GET] "/users"):
  
actionpack (5.2.1) lib/action_dispatch/middleware/debug_exceptions.rb:65:in `call'
web-console (3.7.0) lib/web_console/middleware.rb:135:in `call_app'
web-console (3.7.0) lib/web_console/middleware.rb:30:in `block in call'
web-console (3.7.0) lib/web_console/middleware.rb:20:in `catch'
web-console (3.7.0) lib/web_console/middleware.rb:20:in `call'
actionpack (5.2.1) lib/action_dispatch/middleware/show_exceptions.rb:33:in `call'
railties (5.2.1) lib/rails/rack/logger.rb:38:in `call_app'
railties (5.2.1) lib/rails/rack/logger.rb:26:in `block in call'
activesupport (5.2.1) lib/active_support/tagged_logging.rb:71:in `block in tagged'
activesupport (5.2.1) lib/active_support/tagged_logging.rb:28:in `tagged'
activesupport (5.2.1) lib/active_support/tagged_logging.rb:71:in `tagged'
railties (5.2.1) lib/rails/rack/logger.rb:26:in `call'
sprockets-rails (3.2.1) lib/sprockets/rails/quiet_assets.rb:13:in `call'
actionpack (5.2.1) lib/action_dispatch/middleware/remote_ip.rb:81:in `call'
actionpack (5.2.1) lib/action_dispatch/middleware/request_id.rb:27:in `call'
rack (2.0.5) lib/rack/method_override.rb:22:in `call'
rack (2.0.5) lib/rack/runtime.rb:22:in `call'
activesupport (5.2.1) lib/active_support/cache/strategy/local_cache_middleware.rb:29:in `call'
actionpack (5.2.1) lib/action_dispatch/middleware/executor.rb:14:in `call'
actionpack (5.2.1) lib/action_dispatch/middleware/static.rb:127:in `call'
rack (2.0.5) lib/rack/sendfile.rb:111:in `call'
railties (5.2.1) lib/rails/engine.rb:524:in `call'
puma (3.12.0) lib/puma/configuration.rb:225:in `call'
puma (3.12.0) lib/puma/server.rb:658:in `handle_request'
puma (3.12.0) lib/puma/server.rb:472:in `process_client'
puma (3.12.0) lib/puma/server.rb:332:in `block in run'
puma (3.12.0) lib/puma/thread_pool.rb:133:in `block in spawn_thread'
Started GET "/users/sign_up" for 127.0.0.1 at 2018-10-27 09:39:26 -0700
Processing by Devise::RegistrationsController#new as HTML
  [1m[36mUser Load (2.5ms)[0m  [1m[34mSELECT  "users".* FROM "users" WHERE "users"."id" = $1 ORDER BY "users"."id" ASC LIMIT $2[0m  [["id", 1], ["LIMIT", 1]]
  ↳ /usr/local/lib/ruby/gems/2.5.0/gems/activerecord-5.2.1/lib/active_record/log_subscriber.rb:98
Redirected to http://localhost:3000/
Filter chain halted as :require_no_authentication rendered or redirected
Completed 302 Found in 18ms (ActiveRecord: 2.5ms)


Started GET "/" for 127.0.0.1 at 2018-10-27 09:39:27 -0700
Processing by WelcomeController#index as HTML
  [1m[36mUser Load (1.3ms)[0m  [1m[34mSELECT  "users".* FROM "users" WHERE "users"."id" = $1 ORDER BY "users"."id" ASC LIMIT $2[0m  [["id", 1], ["LIMIT", 1]]
  ↳ /usr/local/lib/ruby/gems/2.5.0/gems/activerecord-5.2.1/lib/active_record/log_subscriber.rb:98
  Rendering welcome/index.html.erb within layouts/application
  Rendered welcome/index.html.erb within layouts/application (0.9ms)
Completed 200 OK in 212ms (Views: 196.8ms | ActiveRecord: 1.3ms)


Started DELETE "/users/sign_out" for 127.0.0.1 at 2018-10-27 09:39:30 -0700
Processing by Devise::SessionsController#destroy as HTML
  Parameters: {"authenticity_token"=>"zGaffyCfJc4RC3kUsge0Kdm451xV3TO9OceGjxv8nMDJqCjiEbl0nEb1t+hD/2Tomm2jgK3vP3YJ9nMSr5JTsA=="}
  [1m[36mUser Load (0.9ms)[0m  [1m[34mSELECT  "users".* FROM "users" WHERE "users"."id" = $1 ORDER BY "users"."id" ASC LIMIT $2[0m  [["id", 1], ["LIMIT", 1]]
  ↳ /usr/local/lib/ruby/gems/2.5.0/gems/activerecord-5.2.1/lib/active_record/log_subscriber.rb:98
  [1m[35m (1.5ms)[0m  [1m[35mBEGIN[0m
  ↳ /usr/local/lib/ruby/gems/2.5.0/gems/activerecord-5.2.1/lib/active_record/log_subscriber.rb:98
  [1m[35m (0.6ms)[0m  [1m[35mCOMMIT[0m
  ↳ /usr/local/lib/ruby/gems/2.5.0/gems/activerecord-5.2.1/lib/active_record/log_subscriber.rb:98
Redirected to http://localhost:3000/
Completed 302 Found in 23ms (ActiveRecord: 3.1ms)


Started GET "/" for 127.0.0.1 at 2018-10-27 09:39:31 -0700
Processing by WelcomeController#index as HTML
Completed 401 Unauthorized in 7ms (ActiveRecord: 0.0ms)


Started GET "/users/sign_in" for 127.0.0.1 at 2018-10-27 09:39:31 -0700
Processing by Devise::SessionsController#new as HTML
  Rendering devise/sessions/new.html.erb within layouts/application
  Rendered devise/shared/_links.html.erb (2.9ms)
  Rendered devise/sessions/new.html.erb within layouts/application (23.7ms)
Completed 200 OK in 185ms (Views: 178.1ms | ActiveRecord: 0.0ms)


Started POST "/users/sign_in" for 127.0.0.1 at 2018-10-27 09:39:41 -0700
Processing by Devise::SessionsController#create as HTML
  Parameters: {"utf8"=>"✓", "authenticity_token"=>"sbxyKF6KjmEQ2/ThYv/IIhL2cbhY2D5w/Rg+w+PJBspJnabc6fr9x8drs9qom67f4PaDyIU4URW/TOUthR8emg==", "user"=>{"email"=>"123123@gmail.com", "password"=>"[FILTERED]", "remember_me"=>"0"}, "commit"=>"Log in"}
  [1m[36mUser Load (20.4ms)[0m  [1m[34mSELECT  "users".* FROM "users" WHERE "users"."email" = $1 ORDER BY "users"."id" ASC LIMIT $2[0m  [["email", "123123@gmail.com"], ["LIMIT", 1]]
  ↳ /usr/local/lib/ruby/gems/2.5.0/gems/activerecord-5.2.1/lib/active_record/log_subscriber.rb:98
Redirected to http://localhost:3000/
Completed 302 Found in 369ms (ActiveRecord: 20.4ms)


Started GET "/" for 127.0.0.1 at 2018-10-27 09:39:42 -0700
Processing by WelcomeController#index as HTML
  [1m[36mUser Load (0.8ms)[0m  [1m[34mSELECT  "users".* FROM "users" WHERE "users"."id" = $1 ORDER BY "users"."id" ASC LIMIT $2[0m  [["id", 1], ["LIMIT", 1]]
  ↳ /usr/local/lib/ruby/gems/2.5.0/gems/activerecord-5.2.1/lib/active_record/log_subscriber.rb:98
  Rendering welcome/index.html.erb within layouts/application
  Rendered welcome/index.html.erb within layouts/application (2.8ms)
Completed 200 OK in 462ms (Views: 454.3ms | ActiveRecord: 0.8ms)


